# JRE version: Java(TM) SE Runtime Environment (8.0_181-b13) (build 1.8.0_181-b13)
# Java VM: Java HotSpot(TM) 64-Bit Server VM (25.181-b13 mixed mode windows-amd64 compressed oops)
Heap:
 PSYoungGen      total 201728K, used 140141K [0x00000000e0000000, 0x00000000f2880000, 0x0000000100000000)
  eden space 162304K, 62% used [0x00000000e0000000,0x00000000e625dab8,0x00000000e9e80000)
  from space 39424K, 99% used [0x00000000e9e80000,0x00000000ec4fdab8,0x00000000ec500000)
  to   space 53760K, 0% used [0x00000000ef400000,0x00000000ef400000,0x00000000f2880000)
 ParOldGen       total 210944K, used 101396K [0x00000000a0000000, 0x00000000ace00000, 0x00000000e0000000)
  object space 210944K, 48% used [0x00000000a0000000,0x00000000a6305028,0x00000000ace00000)
 Metaspace       used 95918K, capacity 99960K, committed 100608K, reserved 1136640K
  class space    used 12620K, capacity 13385K, committed 13568K, reserved 1048576K
GC Heap History (10 events):
Event: 11626.281 GC heap before
{Heap before GC invocations=27 (full 4):
 PSYoungGen      total 172544K, used 142110K [0x00000000e0000000, 0x00000000ed200000, 0x0000000100000000)
  eden space 130048K, 100% used [0x00000000e0000000,0x00000000e7f00000,0x00000000e7f00000)
  from space 42496K, 28% used [0x00000000ea880000,0x00000000eb447ba8,0x00000000ed200000)
  to   space 42496K, 0% used [0x00000000e7f00000,0x00000000e7f00000,0x00000000ea880000)
 ParOldGen       total 210944K, used 77103K [0x00000000a0000000, 0x00000000ace00000, 0x00000000e0000000)
  object space 210944K, 36% used [0x00000000a0000000,0x00000000a4b4bf48,0x00000000ace00000)
 Metaspace       used 94633K, capacity 98374K, committed 99840K, reserved 1136640K
  class space    used 12538K, capacity 13223K, committed 13568K, reserved 1048576K
Event: 11626.383 GC heap after
Heap after GC invocations=27 (full 4):
 PSYoungGen      total 172544K, used 16436K [0x00000000e0000000, 0x00000000edf00000, 0x0000000100000000)
  eden space 130048K, 0% used [0x00000000e0000000,0x00000000e0000000,0x00000000e7f00000)
  from space 42496K, 38% used [0x00000000e7f00000,0x00000000e8f0d1a8,0x00000000ea880000)
  to   space 39936K, 0% used [0x00000000eb800000,0x00000000eb800000,0x00000000edf00000)
 ParOldGen       total 210944K, used 77111K [0x00000000a0000000, 0x00000000ace00000, 0x00000000e0000000)
  object space 210944K, 36% used [0x00000000a0000000,0x00000000a4b4df48,0x00000000ace00000)
 Metaspace       used 94633K, capacity 98374K, committed 99840K, reserved 1136640K
  class space    used 12538K, capacity 13223K, committed 13568K, reserved 1048576K
}
Event: 11631.127 GC heap before
{Heap before GC invocations=28 (full 4):
 PSYoungGen      total 172544K, used 146484K [0x00000000e0000000, 0x00000000edf00000, 0x0000000100000000)
  eden space 130048K, 100% used [0x00000000e0000000,0x00000000e7f00000,0x00000000e7f00000)
  from space 42496K, 38% used [0x00000000e7f00000,0x00000000e8f0d1a8,0x00000000ea880000)
  to   space 39936K, 0% used [0x00000000eb800000,0x00000000eb800000,0x00000000edf00000)
 ParOldGen       total 210944K, used 77111K [0x00000000a0000000, 0x00000000ace00000, 0x00000000e0000000)
  object space 210944K, 36% used [0x00000000a0000000,0x00000000a4b4df48,0x00000000ace00000)
 Metaspace       used 94888K, capacity 98600K, committed 99840K, reserved 1136640K
  class space    used 12543K, capacity 13228K, committed 13568K, reserved 1048576K
Event: 11631.150 GC heap after
Heap after GC invocations=28 (full 4):
 PSYoungGen      total 185856K, used 30296K [0x00000000e0000000, 0x00000000ee280000, 0x0000000100000000)
  eden space 145920K, 0% used [0x00000000e0000000,0x00000000e0000000,0x00000000e8e80000)
  from space 39936K, 75% used [0x00000000eb800000,0x00000000ed596060,0x00000000edf00000)
  to   space 42496K, 0% used [0x00000000e8e80000,0x00000000e8e80000,0x00000000eb800000)
 ParOldGen       total 210944K, used 77119K [0x00000000a0000000, 0x00000000ace00000, 0x00000000e0000000)
  object space 210944K, 36% used [0x00000000a0000000,0x00000000a4b4ff48,0x00000000ace00000)
 Metaspace       used 94888K, capacity 98600K, committed 99840K, reserved 1136640K
  class space    used 12543K, capacity 13228K, committed 13568K, reserved 1048576K
}
Event: 11631.856 GC heap before
{Heap before GC invocations=29 (full 4):
 PSYoungGen      total 185856K, used 174504K [0x00000000e0000000, 0x00000000ee280000, 0x0000000100000000)
  eden space 145920K, 98% used [0x00000000e0000000,0x00000000e8cd41e8,0x00000000e8e80000)
  from space 39936K, 75% used [0x00000000eb800000,0x00000000ed596060,0x00000000edf00000)
  to   space 42496K, 0% used [0x00000000e8e80000,0x00000000e8e80000,0x00000000eb800000)
 ParOldGen       total 210944K, used 77119K [0x00000000a0000000, 0x00000000ace00000, 0x00000000e0000000)
  object space 210944K, 36% used [0x00000000a0000000,0x00000000a4b4ff48,0x00000000ace00000)
 Metaspace       used 94948K, capacity 98646K, committed 99840K, reserved 1136640K
  class space    used 12547K, capacity 13235K, committed 13568K, reserved 1048576K
Event: 11631.879 GC heap after
Heap after GC invocations=29 (full 4):
 PSYoungGen      total 188416K, used 18208K [0x00000000e0000000, 0x00000000eef00000, 0x0000000100000000)
  eden space 145920K, 0% used [0x00000000e0000000,0x00000000e0000000,0x00000000e8e80000)
  from space 42496K, 42% used [0x00000000e8e80000,0x00000000ea0480b0,0x00000000eb800000)
  to   space 39936K, 0% used [0x00000000ec800000,0x00000000ec800000,0x00000000eef00000)
 ParOldGen       total 210944K, used 77127K [0x00000000a0000000, 0x00000000ace00000, 0x00000000e0000000)
  object space 210944K, 36% used [0x00000000a0000000,0x00000000a4b51f48,0x00000000ace00000)
 Metaspace       used 94948K, capacity 98646K, committed 99840K, reserved 1136640K
  class space    used 12547K, capacity 13235K, committed 13568K, reserved 1048576K
}
Event: 11820.806 GC heap before
{Heap before GC invocations=30 (full 4):
 PSYoungGen      total 188416K, used 164128K [0x00000000e0000000, 0x00000000eef00000, 0x0000000100000000)
  eden space 145920K, 100% used [0x00000000e0000000,0x00000000e8e80000,0x00000000e8e80000)
  from space 42496K, 42% used [0x00000000e8e80000,0x00000000ea0480b0,0x00000000eb800000)
  to   space 39936K, 0% used [0x00000000ec800000,0x00000000ec800000,0x00000000eef00000)
 ParOldGen       total 210944K, used 77127K [0x00000000a0000000, 0x00000000ace00000, 0x00000000e0000000)
  object space 210944K, 36% used [0x00000000a0000000,0x00000000a4b51f48,0x00000000ace00000)
 Metaspace       used 95641K, capacity 99632K, committed 100352K, reserved 1136640K
  class space    used 12610K, capacity 13375K, committed 13568K, reserved 1048576K
Event: 11820.833 GC heap after
Heap after GC invocations=30 (full 4):
 PSYoungGen      total 198656K, used 21795K [0x00000000e0000000, 0x00000000eeb80000, 0x0000000100000000)
  eden space 162304K, 0% used [0x00000000e0000000,0x00000000e0000000,0x00000000e9e80000)
  from space 36352K, 59% used [0x00000000ec800000,0x00000000edd48c58,0x00000000eeb80000)
  to   space 39424K, 0% used [0x00000000e9e80000,0x00000000e9e80000,0x00000000ec500000)
 ParOldGen       total 210944K, used 77135K [0x00000000a0000000, 0x00000000ace00000, 0x00000000e0000000)
  object space 210944K, 36% used [0x00000000a0000000,0x00000000a4b53f48,0x00000000ace00000)
 Metaspace       used 95641K, capacity 99632K, committed 100352K, reserved 1136640K
  class space    used 12610K, capacity 13375K, committed 13568K, reserved 1048576K
}
Event: 11821.328 GC heap before
{Heap before GC invocations=31 (full 4):
 PSYoungGen      total 198656K, used 184099K [0x00000000e0000000, 0x00000000eeb80000, 0x0000000100000000)
  eden space 162304K, 100% used [0x00000000e0000000,0x00000000e9e80000,0x00000000e9e80000)
  from space 36352K, 59% used [0x00000000ec800000,0x00000000edd48c58,0x00000000eeb80000)
  to   space 39424K, 0% used [0x00000000e9e80000,0x00000000e9e80000,0x00000000ec500000)
 ParOldGen       total 210944K, used 77135K [0x00000000a0000000, 0x00000000ace00000, 0x00000000e0000000)
  object space 210944K, 36% used [0x00000000a0000000,0x00000000a4b53f48,0x00000000ace00000)
 Metaspace       used 95672K, capacity 99716K, committed 100352K, reserved 1136640K
  class space    used 12612K, capacity 13377K, committed 13568K, reserved 1048576K
Event: 11821.405 GC heap after
Heap after GC invocations=31 (full 4):
 PSYoungGen      total 201728K, used 39414K [0x00000000e0000000, 0x00000000f2880000, 0x0000000100000000)
  eden space 162304K, 0% used [0x00000000e0000000,0x00000000e0000000,0x00000000e9e80000)
  from space 39424K, 99% used [0x00000000e9e80000,0x00000000ec4fdab8,0x00000000ec500000)
  to   space 53760K, 0% used [0x00000000ef400000,0x00000000ef400000,0x00000000f2880000)
 ParOldGen       total 210944K, used 101396K [0x00000000a0000000, 0x00000000ace00000, 0x00000000e0000000)
  object space 210944K, 48% used [0x00000000a0000000,0x00000000a6305028,0x00000000ace00000)
 Metaspace       used 95672K, capacity 99716K, committed 100352K, reserved 1136640K
  class space    used 12612K, capacity 13377K, committed 13568K, reserved 1048576K
}

